2018-08-17 13:14:54.637  INFO 7740 --- [main] com.example.controller.TestController    : Starting TestController on DESKTOP-5R9105H with PID 7740 (started by john in F:\Projects\spring-shrio)
2018-08-17 13:14:54.637  INFO 7740 --- [main] com.example.controller.TestController    : The following profiles are active: dev
2018-08-17 13:14:54.684  INFO 7740 --- [main] o.s.w.c.s.GenericWebApplicationContext   : Refreshing org.springframework.web.context.support.GenericWebApplicationContext@6b58b9e9: startup date [Fri Aug 17 13:14:54 CST 2018]; root of context hierarchy
2018-08-17 13:14:55.709  INFO 7740 --- [main] .s.d.r.c.RepositoryConfigurationDelegate : Multiple Spring Data modules found, entering strict repository configuration mode!
2018-08-17 13:14:56.262  INFO 7740 --- [main] trationDelegate$BeanPostProcessorChecker : Bean 'shiroConfig' of type [com.example.shiro.ShiroConfig$$EnhancerBySpringCGLIB$$83857c9c] is not eligible for getting processed by all BeanPostProcessors (for example: not eligible for auto-proxying)
2018-08-17 13:14:56.293  INFO 7740 --- [main] trationDelegate$BeanPostProcessorChecker : Bean 'org.springframework.transaction.annotation.ProxyTransactionManagementConfiguration' of type [org.springframework.transaction.annotation.ProxyTransactionManagementConfiguration$$EnhancerBySpringCGLIB$$52dad752] is not eligible for getting processed by all BeanPostProcessors (for example: not eligible for auto-proxying)
2018-08-17 13:14:56.793  INFO 7740 --- [main] trationDelegate$BeanPostProcessorChecker : Bean 'org.springframework.boot.context.properties.ConversionServiceDeducer$Factory' of type [org.springframework.boot.context.properties.ConversionServiceDeducer$Factory] is not eligible for getting processed by all BeanPostProcessors (for example: not eligible for auto-proxying)
2018-08-17 13:14:56.802  INFO 7740 --- [main] trationDelegate$BeanPostProcessorChecker : Bean 'mybatis-org.mybatis.spring.boot.autoconfigure.MybatisProperties' of type [org.mybatis.spring.boot.autoconfigure.MybatisProperties] is not eligible for getting processed by all BeanPostProcessors (for example: not eligible for auto-proxying)
2018-08-17 13:14:56.817  INFO 7740 --- [main] trationDelegate$BeanPostProcessorChecker : Bean 'org.mybatis.spring.boot.autoconfigure.MybatisAutoConfiguration' of type [org.mybatis.spring.boot.autoconfigure.MybatisAutoConfiguration$$EnhancerBySpringCGLIB$$85af2882] is not eligible for getting processed by all BeanPostProcessors (for example: not eligible for auto-proxying)
2018-08-17 13:14:56.817  INFO 7740 --- [main] trationDelegate$BeanPostProcessorChecker : Bean 'org.springframework.boot.autoconfigure.jdbc.DataSourceConfiguration$Generic' of type [org.springframework.boot.autoconfigure.jdbc.DataSourceConfiguration$Generic] is not eligible for getting processed by all BeanPostProcessors (for example: not eligible for auto-proxying)
2018-08-17 13:14:56.864  INFO 7740 --- [main] trationDelegate$BeanPostProcessorChecker : Bean 'spring.datasource-org.springframework.boot.autoconfigure.jdbc.DataSourceProperties' of type [org.springframework.boot.autoconfigure.jdbc.DataSourceProperties] is not eligible for getting processed by all BeanPostProcessors (for example: not eligible for auto-proxying)
2018-08-17 13:14:57.091  INFO 7740 --- [main] trationDelegate$BeanPostProcessorChecker : Bean 'dataSource' of type [com.alibaba.druid.pool.DruidDataSource] is not eligible for getting processed by all BeanPostProcessors (for example: not eligible for auto-proxying)
2018-08-17 13:14:57.137  INFO 7740 --- [main] trationDelegate$BeanPostProcessorChecker : Bean 'org.springframework.boot.autoconfigure.jdbc.DataSourceInitializerInvoker' of type [org.springframework.boot.autoconfigure.jdbc.DataSourceInitializerInvoker] is not eligible for getting processed by all BeanPostProcessors (for example: not eligible for auto-proxying)
2018-08-17 13:14:57.216  INFO 7740 --- [main] trationDelegate$BeanPostProcessorChecker : Bean 'sqlSessionFactory' of type [org.apache.ibatis.session.defaults.DefaultSqlSessionFactory] is not eligible for getting processed by all BeanPostProcessors (for example: not eligible for auto-proxying)
2018-08-17 13:14:57.231  INFO 7740 --- [main] trationDelegate$BeanPostProcessorChecker : Bean 'sqlSessionTemplate' of type [org.mybatis.spring.SqlSessionTemplate] is not eligible for getting processed by all BeanPostProcessors (for example: not eligible for auto-proxying)
2018-08-17 13:14:57.262  INFO 7740 --- [main] trationDelegate$BeanPostProcessorChecker : Bean 'userDao' of type [org.mybatis.spring.mapper.MapperFactoryBean] is not eligible for getting processed by all BeanPostProcessors (for example: not eligible for auto-proxying)
2018-08-17 13:14:57.262  INFO 7740 --- [main] trationDelegate$BeanPostProcessorChecker : Bean 'userDao' of type [com.sun.proxy.$Proxy82] is not eligible for getting processed by all BeanPostProcessors (for example: not eligible for auto-proxying)
2018-08-17 13:14:57.278  INFO 7740 --- [main] trationDelegate$BeanPostProcessorChecker : Bean 'userService' of type [com.example.service.impl.UserServiceImpl] is not eligible for getting processed by all BeanPostProcessors (for example: not eligible for auto-proxying)
2018-08-17 13:14:57.278  INFO 7740 --- [main] trationDelegate$BeanPostProcessorChecker : Bean 'customRealm' of type [com.example.shiro.CustomRealm] is not eligible for getting processed by all BeanPostProcessors (for example: not eligible for auto-proxying)
2018-08-17 13:14:57.294  INFO 7740 --- [main] trationDelegate$BeanPostProcessorChecker : Bean 'securityManager' of type [org.apache.shiro.web.mgt.DefaultWebSecurityManager] is not eligible for getting processed by all BeanPostProcessors (for example: not eligible for auto-proxying)
2018-08-17 13:14:58.386  INFO 7740 --- [main] o.s.w.s.handler.SimpleUrlHandlerMapping  : Mapped URL path [/**/favicon.ico] onto handler of type [class org.springframework.web.servlet.resource.ResourceHttpRequestHandler]
2018-08-17 13:14:58.793  INFO 7740 --- [main] s.w.s.m.m.a.RequestMappingHandlerAdapter : Looking for @ControllerAdvice: org.springframework.web.context.support.GenericWebApplicationContext@6b58b9e9: startup date [Fri Aug 17 13:14:54 CST 2018]; root of context hierarchy
2018-08-17 13:14:58.902  INFO 7740 --- [main] s.w.s.m.m.a.RequestMappingHandlerMapping : Mapped "{[/error]}" onto public java.lang.String com.example.controller.ErrorBaseeController.error()
2018-08-17 13:14:58.918  INFO 7740 --- [main] s.w.s.m.m.a.RequestMappingHandlerMapping : Mapped "{[/pub/{id}],methods=[GET]}" onto public java.lang.String com.example.controller.PublisherController.pubMsg(java.lang.String)
2018-08-17 13:14:58.918  INFO 7740 --- [main] s.w.s.m.m.a.RequestMappingHandlerMapping : Mapped "{[/logout]}" onto public java.lang.String com.example.controller.UserController.logout()
2018-08-17 13:14:58.918  INFO 7740 --- [main] s.w.s.m.m.a.RequestMappingHandlerMapping : Mapped "{[/test]}" onto public java.lang.String com.example.controller.UserController.Test()
2018-08-17 13:14:58.933  INFO 7740 --- [main] s.w.s.m.m.a.RequestMappingHandlerMapping : Mapped "{[/sublogin],methods=[POST]}" onto public java.lang.String com.example.controller.UserController.subLogin(java.lang.String,java.lang.String,javax.servlet.http.HttpSession,org.springframework.ui.Model)
2018-08-17 13:14:58.980  INFO 7740 --- [main] o.s.w.s.handler.SimpleUrlHandlerMapping  : Mapped URL path [/webjars/**] onto handler of type [class org.springframework.web.servlet.resource.ResourceHttpRequestHandler]
2018-08-17 13:14:58.980  INFO 7740 --- [main] o.s.w.s.handler.SimpleUrlHandlerMapping  : Mapped URL path [/**] onto handler of type [class org.springframework.web.servlet.resource.ResourceHttpRequestHandler]
2018-08-17 13:14:58.996  INFO 7740 --- [main] .m.m.a.ExceptionHandlerExceptionResolver : Detected @ExceptionHandler methods in errorExceptionHandle
2018-08-17 13:14:59.118  WARN 7740 --- [main] org.thymeleaf.templatemode.TemplateMode  : [THYMELEAF][main] Template Mode 'HTML5' is deprecated. Using Template Mode 'HTML' instead.
2018-08-17 13:14:59.191  INFO 7740 --- [main] o.s.b.a.w.s.WelcomePageHandlerMapping    : Adding welcome page: class path resource [templates/index.html]
2018-08-17 13:14:59.652  INFO 7740 --- [main] o.s.c.support.DefaultLifecycleProcessor  : Starting beans in phase 2147483647
2018-08-17 13:14:59.778  INFO 7740 --- [container-1] io.lettuce.core.EpollProvider            : Starting without optional epoll library
2018-08-17 13:14:59.778  INFO 7740 --- [container-1] io.lettuce.core.KqueueProvider           : Starting without optional kqueue library
2018-08-17 13:15:00.122  INFO 7740 --- [main] com.example.controller.TestController    : Started TestController in 6.032 seconds (JVM running for 7.158)
2018-08-17 13:15:00.325  INFO 7740 --- [main] com.alibaba.druid.pool.DruidDataSource   : {dataSource-1} inited
2018-08-17 13:15:00.856  INFO 7740 --- [main] com.example.controller.TestController    : 删除用户时候，从缓存中删除用户 >> User:wang
2018-08-17 13:15:00.887  INFO 7740 --- [Thread-3] o.s.w.c.s.GenericWebApplicationContext   : Closing org.springframework.web.context.support.GenericWebApplicationContext@6b58b9e9: startup date [Fri Aug 17 13:14:54 CST 2018]; root of context hierarchy
2018-08-17 13:15:00.887  INFO 7740 --- [Thread-3] o.s.c.support.DefaultLifecycleProcessor  : Stopping beans in phase 2147483647
2018-08-17 13:15:02.034  INFO 7740 --- [Thread-3] com.alibaba.druid.pool.DruidDataSource   : {dataSource-1} closed
2018-08-24 15:49:56.319  INFO 11960 --- [restartedMain] com.example.SpringShrioApplication       : Starting SpringShrioApplication on 030-ZNXT-WZJ-B with PID 11960 (D:\GitHubDoc\gitdoc\spring-shiro\target\classes started by 03010347 in D:\GitHubDoc\gitdoc\spring-shiro)
2018-08-24 15:49:56.339  INFO 11960 --- [restartedMain] com.example.SpringShrioApplication       : The following profiles are active: dev
2018-08-24 15:49:56.499  INFO 11960 --- [restartedMain] ConfigServletWebServerApplicationContext : Refreshing org.springframework.boot.web.servlet.context.AnnotationConfigServletWebServerApplicationContext@25a0b9b: startup date [Fri Aug 24 15:49:56 CST 2018]; root of context hierarchy
2018-08-24 15:49:57.579  INFO 11960 --- [restartedMain] .s.d.r.c.RepositoryConfigurationDelegate : Multiple Spring Data modules found, entering strict repository configuration mode!
2018-08-24 15:49:58.114  INFO 11960 --- [restartedMain] trationDelegate$BeanPostProcessorChecker : Bean 'shiroConfig' of type [com.example.shiro.ShiroConfig$$EnhancerBySpringCGLIB$$c77b5f10] is not eligible for getting processed by all BeanPostProcessors (for example: not eligible for auto-proxying)
2018-08-24 15:49:58.134  INFO 11960 --- [restartedMain] trationDelegate$BeanPostProcessorChecker : Bean 'org.springframework.transaction.annotation.ProxyTransactionManagementConfiguration' of type [org.springframework.transaction.annotation.ProxyTransactionManagementConfiguration$$EnhancerBySpringCGLIB$$96d0b9c6] is not eligible for getting processed by all BeanPostProcessors (for example: not eligible for auto-proxying)
2018-08-24 15:49:58.684  INFO 11960 --- [restartedMain] trationDelegate$BeanPostProcessorChecker : Bean 'org.springframework.boot.context.properties.ConversionServiceDeducer$Factory' of type [org.springframework.boot.context.properties.ConversionServiceDeducer$Factory] is not eligible for getting processed by all BeanPostProcessors (for example: not eligible for auto-proxying)
2018-08-24 15:49:58.684  INFO 11960 --- [restartedMain] trationDelegate$BeanPostProcessorChecker : Bean 'mybatis-org.mybatis.spring.boot.autoconfigure.MybatisProperties' of type [org.mybatis.spring.boot.autoconfigure.MybatisProperties] is not eligible for getting processed by all BeanPostProcessors (for example: not eligible for auto-proxying)
2018-08-24 15:49:58.694  INFO 11960 --- [restartedMain] trationDelegate$BeanPostProcessorChecker : Bean 'org.mybatis.spring.boot.autoconfigure.MybatisAutoConfiguration' of type [org.mybatis.spring.boot.autoconfigure.MybatisAutoConfiguration$$EnhancerBySpringCGLIB$$c9a50af6] is not eligible for getting processed by all BeanPostProcessors (for example: not eligible for auto-proxying)
2018-08-24 15:49:58.704  INFO 11960 --- [restartedMain] trationDelegate$BeanPostProcessorChecker : Bean 'org.springframework.boot.autoconfigure.jdbc.DataSourceConfiguration$Generic' of type [org.springframework.boot.autoconfigure.jdbc.DataSourceConfiguration$Generic] is not eligible for getting processed by all BeanPostProcessors (for example: not eligible for auto-proxying)
2018-08-24 15:49:58.734  INFO 11960 --- [restartedMain] trationDelegate$BeanPostProcessorChecker : Bean 'spring.datasource-org.springframework.boot.autoconfigure.jdbc.DataSourceProperties' of type [org.springframework.boot.autoconfigure.jdbc.DataSourceProperties] is not eligible for getting processed by all BeanPostProcessors (for example: not eligible for auto-proxying)
2018-08-24 15:49:58.827  INFO 11960 --- [restartedMain] trationDelegate$BeanPostProcessorChecker : Bean 'dataSource' of type [com.alibaba.druid.pool.DruidDataSource] is not eligible for getting processed by all BeanPostProcessors (for example: not eligible for auto-proxying)
2018-08-24 15:49:58.877  INFO 11960 --- [restartedMain] trationDelegate$BeanPostProcessorChecker : Bean 'org.springframework.boot.autoconfigure.jdbc.DataSourceInitializerInvoker' of type [org.springframework.boot.autoconfigure.jdbc.DataSourceInitializerInvoker] is not eligible for getting processed by all BeanPostProcessors (for example: not eligible for auto-proxying)
2018-08-24 15:49:58.937  INFO 11960 --- [restartedMain] trationDelegate$BeanPostProcessorChecker : Bean 'sqlSessionFactory' of type [org.apache.ibatis.session.defaults.DefaultSqlSessionFactory] is not eligible for getting processed by all BeanPostProcessors (for example: not eligible for auto-proxying)
2018-08-24 15:49:58.957  INFO 11960 --- [restartedMain] trationDelegate$BeanPostProcessorChecker : Bean 'sqlSessionTemplate' of type [org.mybatis.spring.SqlSessionTemplate] is not eligible for getting processed by all BeanPostProcessors (for example: not eligible for auto-proxying)
2018-08-24 15:49:58.987  INFO 11960 --- [restartedMain] trationDelegate$BeanPostProcessorChecker : Bean 'userDao' of type [org.mybatis.spring.mapper.MapperFactoryBean] is not eligible for getting processed by all BeanPostProcessors (for example: not eligible for auto-proxying)
2018-08-24 15:49:58.997  INFO 11960 --- [restartedMain] trationDelegate$BeanPostProcessorChecker : Bean 'userDao' of type [com.sun.proxy.$Proxy68] is not eligible for getting processed by all BeanPostProcessors (for example: not eligible for auto-proxying)
2018-08-24 15:49:58.997  INFO 11960 --- [restartedMain] trationDelegate$BeanPostProcessorChecker : Bean 'userService' of type [com.example.service.impl.UserServiceImpl] is not eligible for getting processed by all BeanPostProcessors (for example: not eligible for auto-proxying)
2018-08-24 15:49:58.997  INFO 11960 --- [restartedMain] trationDelegate$BeanPostProcessorChecker : Bean 'customRealm' of type [com.example.shiro.CustomRealm] is not eligible for getting processed by all BeanPostProcessors (for example: not eligible for auto-proxying)
2018-08-24 15:49:59.017  INFO 11960 --- [restartedMain] trationDelegate$BeanPostProcessorChecker : Bean 'securityManager' of type [org.apache.shiro.web.mgt.DefaultWebSecurityManager] is not eligible for getting processed by all BeanPostProcessors (for example: not eligible for auto-proxying)
2018-08-24 15:49:59.737  INFO 11960 --- [restartedMain] o.s.b.w.embedded.tomcat.TomcatWebServer  : Tomcat initialized with port(s): 8080 (http)
2018-08-24 15:49:59.767  INFO 11960 --- [restartedMain] o.apache.catalina.core.StandardService   : Starting service [Tomcat]
2018-08-24 15:49:59.767  INFO 11960 --- [restartedMain] org.apache.catalina.core.StandardEngine  : Starting Servlet Engine: Apache Tomcat/8.5.32
2018-08-24 15:49:59.777  INFO 11960 --- [localhost-startStop-1] o.a.catalina.core.AprLifecycleListener   : The APR based Apache Tomcat Native library which allows optimal performance in production environments was not found on the java.library.path: [D:\java64_1.8\bin;C:\Windows\Sun\Java\bin;C:\Windows\system32;C:\Windows;D:/java64_1.8/bin/../jre/bin/server;D:/java64_1.8/bin/../jre/bin;D:/java64_1.8/bin/../jre/lib/amd64;D:\mysql-5.7.19-winx64\bin;D:\java64_1.8\bin;D:\java64_1.8\jre\bin;C:\Windows\system32;C:\Windows;C:\Windows\System32\Wbem;C:\Windows\System32\WindowsPowerShell\v1.0\;C:\Program Files\Intel\WiFi\bin\;C:\Program Files\Common Files\Intel\WirelessCommon\;C:\Program Files\Git\cmd;D:\Anaconda2;D:\Anaconda2\Scripts;D:\Anaconda2\Library\bin;D:\node-v6.11.3-win-x64;D:\androiddoc\Android\Sdk\platform-tools;C:\Program Files\Microsoft\Web Platform Installer\;D:\apache-ant-1.10.1\bin;D:\PhoneGap\PhoneGap Desktop;E:\dllorjars\python\boost_1_65_1;E:\dllorjars\python\boost_1_65_1\stage\lib;D:\python36;C:\Program Files\Microsoft SQL Server\120\Tools\Binn\;C:\Program Files (x86)\Windows Kits\8.1\Windows Performance Toolkit\;C:\Program Files\Microsoft SQL Server\110\Tools\Binn\;D:\apache-maven-3.5.4-bin\apache-maven-3.5.4\bin;D:\MATLAB\MATLAB Compiler Runtime\v83\runtime\win64;;D:\Docker Toolbox;.bin;D:\Microsoft VS Code\bin;D:\eclipse-jee-oxygen-2-win32-x86_64\eclipse;;.]
2018-08-24 15:49:59.978  INFO 11960 --- [localhost-startStop-1] o.a.c.c.C.[Tomcat].[localhost].[/shiro]  : Initializing Spring embedded WebApplicationContext
2018-08-24 15:49:59.978  INFO 11960 --- [localhost-startStop-1] o.s.web.context.ContextLoader            : Root WebApplicationContext: initialization completed in 3479 ms
2018-08-24 15:50:00.078  INFO 11960 --- [localhost-startStop-1] o.s.b.w.servlet.ServletRegistrationBean  : Servlet dispatcherServlet mapped to [/]
2018-08-24 15:50:00.078  INFO 11960 --- [localhost-startStop-1] o.s.b.w.servlet.FilterRegistrationBean   : Mapping filter: 'characterEncodingFilter' to: [/*]
2018-08-24 15:50:00.078  INFO 11960 --- [localhost-startStop-1] o.s.b.w.servlet.FilterRegistrationBean   : Mapping filter: 'hiddenHttpMethodFilter' to: [/*]
2018-08-24 15:50:00.088  INFO 11960 --- [localhost-startStop-1] o.s.b.w.servlet.FilterRegistrationBean   : Mapping filter: 'httpPutFormContentFilter' to: [/*]
2018-08-24 15:50:00.088  INFO 11960 --- [localhost-startStop-1] o.s.b.w.servlet.FilterRegistrationBean   : Mapping filter: 'requestContextFilter' to: [/*]
2018-08-24 15:50:00.088  INFO 11960 --- [localhost-startStop-1] o.s.b.w.servlet.FilterRegistrationBean   : Mapping filter: 'corsFilter' to: [/*]
2018-08-24 15:50:00.088  INFO 11960 --- [localhost-startStop-1] o.s.b.w.servlet.FilterRegistrationBean   : Mapping filter: 'shirFilter' to: [/*]
2018-08-24 15:50:00.788  INFO 11960 --- [restartedMain] o.s.w.s.handler.SimpleUrlHandlerMapping  : Mapped URL path [/**/favicon.ico] onto handler of type [class org.springframework.web.servlet.resource.ResourceHttpRequestHandler]
2018-08-24 15:50:01.179  INFO 11960 --- [restartedMain] s.w.s.m.m.a.RequestMappingHandlerAdapter : Looking for @ControllerAdvice: org.springframework.boot.web.servlet.context.AnnotationConfigServletWebServerApplicationContext@25a0b9b: startup date [Fri Aug 24 15:49:56 CST 2018]; root of context hierarchy
2018-08-24 15:50:01.269  INFO 11960 --- [restartedMain] s.w.s.m.m.a.RequestMappingHandlerMapping : Mapped "{[/error]}" onto public java.lang.String com.example.controller.ErrorBaseeController.error()
2018-08-24 15:50:01.269  INFO 11960 --- [restartedMain] s.w.s.m.m.a.RequestMappingHandlerMapping : Mapped "{[/pub/{id}],methods=[GET]}" onto public java.lang.String com.example.controller.PublisherController.pubMsg(java.lang.String)
2018-08-24 15:50:01.269  INFO 11960 --- [restartedMain] s.w.s.m.m.a.RequestMappingHandlerMapping : Mapped "{[/sublogin],methods=[POST]}" onto public java.lang.String com.example.controller.UserController.subLogin(java.lang.String,java.lang.String,javax.servlet.http.HttpSession,org.springframework.ui.Model)
2018-08-24 15:50:01.269  INFO 11960 --- [restartedMain] s.w.s.m.m.a.RequestMappingHandlerMapping : Mapped "{[/test]}" onto public java.lang.String com.example.controller.UserController.Test()
2018-08-24 15:50:01.269  INFO 11960 --- [restartedMain] s.w.s.m.m.a.RequestMappingHandlerMapping : Mapped "{[/logout]}" onto public java.lang.String com.example.controller.UserController.logout()
2018-08-24 15:50:01.299  INFO 11960 --- [restartedMain] o.s.w.s.handler.SimpleUrlHandlerMapping  : Mapped URL path [/webjars/**] onto handler of type [class org.springframework.web.servlet.resource.ResourceHttpRequestHandler]
2018-08-24 15:50:01.299  INFO 11960 --- [restartedMain] o.s.w.s.handler.SimpleUrlHandlerMapping  : Mapped URL path [/**] onto handler of type [class org.springframework.web.servlet.resource.ResourceHttpRequestHandler]
2018-08-24 15:50:01.319  INFO 11960 --- [restartedMain] .m.m.a.ExceptionHandlerExceptionResolver : Detected @ExceptionHandler methods in errorExceptionHandle
2018-08-24 15:50:01.379  WARN 11960 --- [restartedMain] org.thymeleaf.templatemode.TemplateMode  : [THYMELEAF][restartedMain] Template Mode 'HTML5' is deprecated. Using Template Mode 'HTML' instead.
2018-08-24 15:50:01.439  INFO 11960 --- [restartedMain] o.s.b.a.w.s.WelcomePageHandlerMapping    : Adding welcome page: class path resource [templates/index.html]
2018-08-24 15:50:01.849  INFO 11960 --- [restartedMain] o.s.b.d.a.OptionalLiveReloadServer       : LiveReload server is running on port 35729
2018-08-24 15:50:01.890  INFO 11960 --- [restartedMain] o.s.j.e.a.AnnotationMBeanExporter        : Registering beans for JMX exposure on startup
2018-08-24 15:50:01.890  INFO 11960 --- [restartedMain] o.s.j.e.a.AnnotationMBeanExporter        : Bean with name 'dataSource' has been autodetected for JMX exposure
2018-08-24 15:50:01.900  INFO 11960 --- [restartedMain] o.s.j.e.a.AnnotationMBeanExporter        : Located MBean 'dataSource': registering with JMX server as MBean [com.alibaba.druid.pool:name=dataSource,type=DruidDataSource]
2018-08-24 15:50:01.910  INFO 11960 --- [restartedMain] o.s.c.support.DefaultLifecycleProcessor  : Starting beans in phase 2147483647
2018-08-24 15:50:02.020  INFO 11960 --- [container-1] io.lettuce.core.EpollProvider            : Starting without optional epoll library
2018-08-24 15:50:02.020  INFO 11960 --- [container-1] io.lettuce.core.KqueueProvider           : Starting without optional kqueue library
2018-08-24 15:50:02.720  INFO 11960 --- [restartedMain] o.s.b.w.embedded.tomcat.TomcatWebServer  : Tomcat started on port(s): 8080 (http) with context path '/shiro'
2018-08-24 15:50:02.720  INFO 11960 --- [restartedMain] com.example.SpringShrioApplication       : Started SpringShrioApplication in 7.192 seconds (JVM running for 11.021)
2018-08-24 15:50:02.730  INFO 11960 --- [restartedMain] com.example.SpringShrioApplication       : SpringBoot加载完毕
2018-08-24 16:06:04.618  INFO 10560 --- [main] com.example.controller.TestController    : Starting TestController on 030-ZNXT-WZJ-B with PID 10560 (started by 03010347 in D:\GitHubDoc\gitdoc\spring-shiro)
2018-08-24 16:06:04.618  INFO 10560 --- [main] com.example.controller.TestController    : The following profiles are active: dev
2018-08-24 16:06:04.749  INFO 10560 --- [main] o.s.w.c.s.GenericWebApplicationContext   : Refreshing org.springframework.web.context.support.GenericWebApplicationContext@52e7a6b2: startup date [Fri Aug 24 16:06:04 CST 2018]; root of context hierarchy
2018-08-24 16:06:06.159  INFO 10560 --- [main] .s.d.r.c.RepositoryConfigurationDelegate : Multiple Spring Data modules found, entering strict repository configuration mode!
2018-08-24 16:06:06.925  INFO 10560 --- [main] trationDelegate$BeanPostProcessorChecker : Bean 'shiroConfig' of type [com.example.shiro.ShiroConfig$$EnhancerBySpringCGLIB$$b6ae04ef] is not eligible for getting processed by all BeanPostProcessors (for example: not eligible for auto-proxying)
2018-08-24 16:06:06.955  INFO 10560 --- [main] trationDelegate$BeanPostProcessorChecker : Bean 'org.springframework.transaction.annotation.ProxyTransactionManagementConfiguration' of type [org.springframework.transaction.annotation.ProxyTransactionManagementConfiguration$$EnhancerBySpringCGLIB$$86035fa5] is not eligible for getting processed by all BeanPostProcessors (for example: not eligible for auto-proxying)
2018-08-24 16:06:07.895  INFO 10560 --- [main] trationDelegate$BeanPostProcessorChecker : Bean 'org.springframework.boot.context.properties.ConversionServiceDeducer$Factory' of type [org.springframework.boot.context.properties.ConversionServiceDeducer$Factory] is not eligible for getting processed by all BeanPostProcessors (for example: not eligible for auto-proxying)
2018-08-24 16:06:07.895  INFO 10560 --- [main] trationDelegate$BeanPostProcessorChecker : Bean 'mybatis-org.mybatis.spring.boot.autoconfigure.MybatisProperties' of type [org.mybatis.spring.boot.autoconfigure.MybatisProperties] is not eligible for getting processed by all BeanPostProcessors (for example: not eligible for auto-proxying)
2018-08-24 16:06:07.896  INFO 10560 --- [main] trationDelegate$BeanPostProcessorChecker : Bean 'org.mybatis.spring.boot.autoconfigure.MybatisAutoConfiguration' of type [org.mybatis.spring.boot.autoconfigure.MybatisAutoConfiguration$$EnhancerBySpringCGLIB$$b8d7b0d5] is not eligible for getting processed by all BeanPostProcessors (for example: not eligible for auto-proxying)
2018-08-24 16:06:07.901  INFO 10560 --- [main] trationDelegate$BeanPostProcessorChecker : Bean 'org.springframework.boot.autoconfigure.jdbc.DataSourceConfiguration$Generic' of type [org.springframework.boot.autoconfigure.jdbc.DataSourceConfiguration$Generic] is not eligible for getting processed by all BeanPostProcessors (for example: not eligible for auto-proxying)
2018-08-24 16:06:08.003  INFO 10560 --- [main] trationDelegate$BeanPostProcessorChecker : Bean 'spring.datasource-org.springframework.boot.autoconfigure.jdbc.DataSourceProperties' of type [org.springframework.boot.autoconfigure.jdbc.DataSourceProperties] is not eligible for getting processed by all BeanPostProcessors (for example: not eligible for auto-proxying)
2018-08-24 16:06:08.113  INFO 10560 --- [main] trationDelegate$BeanPostProcessorChecker : Bean 'dataSource' of type [com.alibaba.druid.pool.DruidDataSource] is not eligible for getting processed by all BeanPostProcessors (for example: not eligible for auto-proxying)
2018-08-24 16:06:08.153  INFO 10560 --- [main] trationDelegate$BeanPostProcessorChecker : Bean 'org.springframework.boot.autoconfigure.jdbc.DataSourceInitializerInvoker' of type [org.springframework.boot.autoconfigure.jdbc.DataSourceInitializerInvoker] is not eligible for getting processed by all BeanPostProcessors (for example: not eligible for auto-proxying)
2018-08-24 16:06:08.373  INFO 10560 --- [main] trationDelegate$BeanPostProcessorChecker : Bean 'sqlSessionFactory' of type [org.apache.ibatis.session.defaults.DefaultSqlSessionFactory] is not eligible for getting processed by all BeanPostProcessors (for example: not eligible for auto-proxying)
2018-08-24 16:06:08.383  INFO 10560 --- [main] trationDelegate$BeanPostProcessorChecker : Bean 'sqlSessionTemplate' of type [org.mybatis.spring.SqlSessionTemplate] is not eligible for getting processed by all BeanPostProcessors (for example: not eligible for auto-proxying)
2018-08-24 16:06:08.413  INFO 10560 --- [main] trationDelegate$BeanPostProcessorChecker : Bean 'userDao' of type [org.mybatis.spring.mapper.MapperFactoryBean] is not eligible for getting processed by all BeanPostProcessors (for example: not eligible for auto-proxying)
2018-08-24 16:06:08.413  INFO 10560 --- [main] trationDelegate$BeanPostProcessorChecker : Bean 'userDao' of type [com.sun.proxy.$Proxy82] is not eligible for getting processed by all BeanPostProcessors (for example: not eligible for auto-proxying)
2018-08-24 16:06:08.413  INFO 10560 --- [main] trationDelegate$BeanPostProcessorChecker : Bean 'userService' of type [com.example.service.impl.UserServiceImpl] is not eligible for getting processed by all BeanPostProcessors (for example: not eligible for auto-proxying)
2018-08-24 16:06:08.413  INFO 10560 --- [main] trationDelegate$BeanPostProcessorChecker : Bean 'customRealm' of type [com.example.shiro.CustomRealm] is not eligible for getting processed by all BeanPostProcessors (for example: not eligible for auto-proxying)
2018-08-24 16:06:08.433  INFO 10560 --- [main] trationDelegate$BeanPostProcessorChecker : Bean 'securityManager' of type [org.apache.shiro.web.mgt.DefaultWebSecurityManager] is not eligible for getting processed by all BeanPostProcessors (for example: not eligible for auto-proxying)
2018-08-24 16:06:09.573  INFO 10560 --- [main] o.s.w.s.handler.SimpleUrlHandlerMapping  : Mapped URL path [/**/favicon.ico] onto handler of type [class org.springframework.web.servlet.resource.ResourceHttpRequestHandler]
2018-08-24 16:06:10.100  INFO 10560 --- [main] s.w.s.m.m.a.RequestMappingHandlerAdapter : Looking for @ControllerAdvice: org.springframework.web.context.support.GenericWebApplicationContext@52e7a6b2: startup date [Fri Aug 24 16:06:04 CST 2018]; root of context hierarchy
2018-08-24 16:06:10.180  INFO 10560 --- [main] s.w.s.m.m.a.RequestMappingHandlerMapping : Mapped "{[/error]}" onto public java.lang.String com.example.controller.ErrorBaseeController.error()
2018-08-24 16:06:10.190  INFO 10560 --- [main] s.w.s.m.m.a.RequestMappingHandlerMapping : Mapped "{[/pub/{id}],methods=[GET]}" onto public java.lang.String com.example.controller.PublisherController.pubMsg(java.lang.String)
2018-08-24 16:06:10.190  INFO 10560 --- [main] s.w.s.m.m.a.RequestMappingHandlerMapping : Mapped "{[/logout]}" onto public java.lang.String com.example.controller.UserController.logout()
2018-08-24 16:06:10.190  INFO 10560 --- [main] s.w.s.m.m.a.RequestMappingHandlerMapping : Mapped "{[/sublogin],methods=[POST]}" onto public java.lang.String com.example.controller.UserController.subLogin(java.lang.String,java.lang.String,javax.servlet.http.HttpSession,org.springframework.ui.Model)
2018-08-24 16:06:10.190  INFO 10560 --- [main] s.w.s.m.m.a.RequestMappingHandlerMapping : Mapped "{[/test]}" onto public java.lang.String com.example.controller.UserController.Test()
2018-08-24 16:06:10.220  INFO 10560 --- [main] o.s.w.s.handler.SimpleUrlHandlerMapping  : Mapped URL path [/webjars/**] onto handler of type [class org.springframework.web.servlet.resource.ResourceHttpRequestHandler]
2018-08-24 16:06:10.230  INFO 10560 --- [main] o.s.w.s.handler.SimpleUrlHandlerMapping  : Mapped URL path [/**] onto handler of type [class org.springframework.web.servlet.resource.ResourceHttpRequestHandler]
2018-08-24 16:06:10.250  INFO 10560 --- [main] .m.m.a.ExceptionHandlerExceptionResolver : Detected @ExceptionHandler methods in errorExceptionHandle
2018-08-24 16:06:10.320  WARN 10560 --- [main] org.thymeleaf.templatemode.TemplateMode  : [THYMELEAF][main] Template Mode 'HTML5' is deprecated. Using Template Mode 'HTML' instead.
2018-08-24 16:06:10.380  INFO 10560 --- [main] o.s.b.a.w.s.WelcomePageHandlerMapping    : Adding welcome page: class path resource [templates/index.html]
2018-08-24 16:06:10.820  INFO 10560 --- [main] o.s.c.support.DefaultLifecycleProcessor  : Starting beans in phase 2147483647
2018-08-24 16:06:10.930  INFO 10560 --- [container-1] io.lettuce.core.EpollProvider            : Starting without optional epoll library
2018-08-24 16:06:10.930  INFO 10560 --- [container-1] io.lettuce.core.KqueueProvider           : Starting without optional kqueue library
2018-08-24 16:06:11.755  INFO 10560 --- [main] com.example.controller.TestController    : Started TestController in 7.656 seconds (JVM running for 9.584)
2018-08-24 16:06:12.116  INFO 10560 --- [Thread-3] o.s.w.c.s.GenericWebApplicationContext   : Closing org.springframework.web.context.support.GenericWebApplicationContext@52e7a6b2: startup date [Fri Aug 24 16:06:04 CST 2018]; root of context hierarchy
2018-08-24 16:06:12.116  INFO 10560 --- [Thread-3] o.s.c.support.DefaultLifecycleProcessor  : Stopping beans in phase 2147483647
